#
# There is insufficient memory for the Java Runtime Environment to continue.
# Native memory allocation (mmap) failed to map 266338304 bytes for G1 virtual space
# Possible reasons:
#   The system is out of physical RAM or swap space
#   The process is running with CompressedOops enabled, and the Java Heap may be blocking the growth of the native heap
# Possible solutions:
#   Reduce memory load on the system
#   Increase physical memory or swap space
#   Check if swap backing store is full
#   Decrease Java heap size (-Xmx/-Xms)
#   Decrease number of Java threads
#   Decrease Java thread stack sizes (-Xss)
#   Set larger code cache with -XX:ReservedCodeCacheSize=
#   JVM is running with Zero Based Compressed Oops mode in which the Java heap is
#     placed in the first 32GB address space. The Java Heap base address is the
#     maximum limit for the native heap growth. Please use -XX:HeapBaseMinAddress
#     to set the Java Heap base and to place the Java Heap above 32GB virtual address.
# This output file may be truncated or incomplete.
#
#  Out of Memory Error (os_windows.cpp:3769), pid=16756, tid=12592
#
# JRE version:  (17.0.6+10) (build )
# Java VM: OpenJDK 64-Bit Server VM (17.0.6+10-b829.9, mixed mode, sharing, tiered, compressed oops, compressed class ptrs, g1 gc, windows-amd64)
# No core dump will be written. Minidumps are not enabled by default on client versions of Windows
#

---------------  S U M M A R Y ------------

Command Line: git4idea.http.GitAskPassApp Password for 'https://Lun-Dev@dev.azure.com/Lun-Dev/Shogol/_git/shogol-backend': 

Host: 11th Gen Intel(R) Core(TM) i7-11370H @ 3.30GHz, 8 cores, 15G,  Windows 11 , 64 bit Build 22621 (10.0.22621.2070)
Time: Sat Aug  5 16:04:33 2023 Egypt Daylight Time elapsed time: 0.007189 seconds (0d 0h 0m 0s)

---------------  T H R E A D  ---------------

Current thread (0x0000022dfd9b9b60):  JavaThread "Unknown thread" [_thread_in_vm, id=12592, stack(0x0000007fccb00000,0x0000007fccc00000)]

Stack: [0x0000007fccb00000,0x0000007fccc00000]
Native frames: (J=compiled Java code, j=interpreted, Vv=VM code, C=native code)
V  [jvm.dll+0x683c5a]
V  [jvm.dll+0x842764]
V  [jvm.dll+0x843f5e]
V  [jvm.dll+0x8445c3]
V  [jvm.dll+0x249b75]
V  [jvm.dll+0x680b29]
V  [jvm.dll+0x67501a]
V  [jvm.dll+0x309acb]
V  [jvm.dll+0x310f86]
V  [jvm.dll+0x3608ee]
V  [jvm.dll+0x360b1f]
V  [jvm.dll+0x2dfbf8]
V  [jvm.dll+0x2e0b64]
V  [jvm.dll+0x814051]
V  [jvm.dll+0x36e6a1]
V  [jvm.dll+0x7f358c]
V  [jvm.dll+0x3f0e8f]
V  [jvm.dll+0x3f29d1]
C  [jli.dll+0x526b]
C  [ucrtbase.dll+0x29363]
C  [KERNEL32.DLL+0x126ad]
C  [ntdll.dll+0x5aa68]


---------------  P R O C E S S  ---------------

Threads class SMR info:
_java_thread_list=0x00007ffbe28fc058, length=0, elements={
}

Java Threads: ( => current thread )

Other Threads:
  0x0000022dfda26b30 GCTaskThread "GC Thread#0" [stack: 0x0000007fccc00000,0x0000007fccd00000] [id=2656]
  0x0000022dfda37760 ConcurrentGCThread "G1 Main Marker" [stack: 0x0000007fccd00000,0x0000007fcce00000] [id=16536]
  0x0000022dfda38680 ConcurrentGCThread "G1 Conc#0" [stack: 0x0000007fcce00000,0x0000007fccf00000] [id=11400]

[error occurred during error reporting (printing all threads), id 0xc0000005, EXCEPTION_ACCESS_VIOLATION (0xc0000005) at pc=0x00007ffbe20b0797]

VM state: not at safepoint (not fully initialized)

VM Mutex/Monitor currently owned by a thread:  ([mutex/lock_event])
[0x0000022dfd9b4e70] Heap_lock - owner thread: 0x0000022dfd9b9b60

Heap address: 0x0000000703600000, size: 4042 MB, Compressed Oops mode: Zero based, Oop shift amount: 3

CDS archive(s) mapped at: [0x0000000000000000-0x0000000000000000-0x0000000000000000), size 0, SharedBaseAddress: 0x0000000800000000, ArchiveRelocationMode: 0.
Narrow klass base: 0x0000000000000000, Narrow klass shift: 0, Narrow klass range: 0x0

GC Precious Log:
<Empty>

Heap:
 garbage-first heap   total 0K, used 0K [0x0000000703600000, 0x0000000800000000)
  region size 2048K, 0 young (0K), 0 survivors (0K)

[error occurred during error reporting (printing heap information), id 0xc0000005, EXCEPTION_ACCESS_VIOLATION (0xc0000005) at pc=0x00007ffbe249da49]

GC Heap History (0 events):
No events

Dll operation events (1 events):
Event: 0.005 Loaded shared library C:\Program Files\JetBrains\PhpStorm 2023.1.2\jbr\bin\java.dll

Deoptimization events (0 events):
No events

Classes unloaded (0 events):
No events

Classes redefined (0 events):
No events

Internal exceptions (0 events):
No events

VM Operations (0 events):
No events

Events (0 events):
No events


Dynamic libraries:
0x00007ff6bb0c0000 - 0x00007ff6bb0ca000 	C:\Program Files\JetBrains\PhpStorm 2023.1.2\jbr\bin\java.exe
0x00007ffc2ec50000 - 0x00007ffc2ee64000 	C:\WINDOWS\SYSTEM32\ntdll.dll
0x00007ffc2d1a0000 - 0x00007ffc2d264000 	C:\WINDOWS\System32\KERNEL32.DLL
0x00007ffc2c030000 - 0x00007ffc2c3d4000 	C:\WINDOWS\System32\KERNELBASE.dll
0x00007ffc2c3e0000 - 0x00007ffc2c4f1000 	C:\WINDOWS\System32\ucrtbase.dll
0x00007ffc1d770000 - 0x00007ffc1d787000 	C:\Program Files\JetBrains\PhpStorm 2023.1.2\jbr\bin\jli.dll
0x00007ffc1a760000 - 0x00007ffc1a77b000 	C:\Program Files\JetBrains\PhpStorm 2023.1.2\jbr\bin\VCRUNTIME140.dll
0x00007ffc2cef0000 - 0x00007ffc2d09a000 	C:\WINDOWS\System32\USER32.dll
0x00007ffc14f50000 - 0x00007ffc151df000 	C:\WINDOWS\WinSxS\amd64_microsoft.windows.common-controls_6595b64144ccf1df_6.0.22621.2070_none_2713e6537381f706\COMCTL32.dll
0x00007ffc2c710000 - 0x00007ffc2c736000 	C:\WINDOWS\System32\win32u.dll
0x00007ffc2cd00000 - 0x00007ffc2cd29000 	C:\WINDOWS\System32\GDI32.dll
0x00007ffc2ca90000 - 0x00007ffc2cb37000 	C:\WINDOWS\System32\msvcrt.dll
0x00007ffc2c830000 - 0x00007ffc2c949000 	C:\WINDOWS\System32\gdi32full.dll
0x00007ffc2c670000 - 0x00007ffc2c70a000 	C:\WINDOWS\System32\msvcp_win.dll
0x00007ffc2d270000 - 0x00007ffc2d2a1000 	C:\WINDOWS\System32\IMM32.DLL
0x00007ffc22b00000 - 0x00007ffc22b0c000 	C:\Program Files\JetBrains\PhpStorm 2023.1.2\jbr\bin\vcruntime140_1.dll
0x00007ffbfda40000 - 0x00007ffbfdacd000 	C:\Program Files\JetBrains\PhpStorm 2023.1.2\jbr\bin\msvcp140.dll
0x00007ffbe1dc0000 - 0x00007ffbe2a2e000 	C:\Program Files\JetBrains\PhpStorm 2023.1.2\jbr\bin\server\jvm.dll
0x00007ffc2cb40000 - 0x00007ffc2cbf0000 	C:\WINDOWS\System32\ADVAPI32.dll
0x00007ffc2eae0000 - 0x00007ffc2eb86000 	C:\WINDOWS\System32\sechost.dll
0x00007ffc2e870000 - 0x00007ffc2e987000 	C:\WINDOWS\System32\RPCRT4.dll
0x00007ffc23c60000 - 0x00007ffc23c69000 	C:\WINDOWS\SYSTEM32\WSOCK32.dll
0x00007ffc23920000 - 0x00007ffc23954000 	C:\WINDOWS\SYSTEM32\WINMM.dll
0x00007ffc23070000 - 0x00007ffc2307a000 	C:\WINDOWS\SYSTEM32\VERSION.dll
0x00007ffc2ca10000 - 0x00007ffc2ca81000 	C:\WINDOWS\System32\WS2_32.dll
0x00007ffc2b160000 - 0x00007ffc2b178000 	C:\WINDOWS\SYSTEM32\kernel.appcore.dll
0x00007ffc23c50000 - 0x00007ffc23c5a000 	C:\Program Files\JetBrains\PhpStorm 2023.1.2\jbr\bin\jimage.dll
0x00007ffc298b0000 - 0x00007ffc29ade000 	C:\WINDOWS\SYSTEM32\DBGHELP.DLL
0x00007ffc2d2b0000 - 0x00007ffc2d63a000 	C:\WINDOWS\System32\combase.dll
0x00007ffc2dab0000 - 0x00007ffc2db87000 	C:\WINDOWS\System32\OLEAUT32.dll
0x00007ffc22600000 - 0x00007ffc22632000 	C:\WINDOWS\SYSTEM32\dbgcore.DLL
0x00007ffc2c7b0000 - 0x00007ffc2c82a000 	C:\WINDOWS\System32\bcryptPrimitives.dll
0x00007ffc1c630000 - 0x00007ffc1c655000 	C:\Program Files\JetBrains\PhpStorm 2023.1.2\jbr\bin\java.dll

dbghelp: loaded successfully - version: 4.0.5 - missing functions: none
symbol engine: initialized successfully - sym options: 0x614 - pdb path: .;C:\Program Files\JetBrains\PhpStorm 2023.1.2\jbr\bin;C:\WINDOWS\SYSTEM32;C:\WINDOWS\WinSxS\amd64_microsoft.windows.common-controls_6595b64144ccf1df_6.0.22621.2070_none_2713e6537381f706;C:\Program Files\JetBrains\PhpStorm 2023.1.2\jbr\bin\server

VM Arguments:
java_command: git4idea.http.GitAskPassApp Password for 'https://Lun-Dev@dev.azure.com/Lun-Dev/Shogol/_git/shogol-backend': 
java_class_path (initial): C:/Program Files/JetBrains/PhpStorm 2023.1.2/plugins/vcs-git/lib/git4idea-rt.jar;C:/Program Files/JetBrains/PhpStorm 2023.1.2/lib/externalProcess-rt.jar
Launcher Type: SUN_STANDARD

[Global flags]
     intx CICompilerCount                          = 4                                         {product} {ergonomic}
     uint ConcGCThreads                            = 2                                         {product} {ergonomic}
     uint G1ConcRefinementThreads                  = 8                                         {product} {ergonomic}
   size_t G1HeapRegionSize                         = 2097152                                   {product} {ergonomic}
    uintx GCDrainStackTargetSize                   = 64                                        {product} {ergonomic}
   size_t InitialHeapSize                          = 266338304                                 {product} {ergonomic}
   size_t MarkStackSize                            = 4194304                                   {product} {ergonomic}
   size_t MaxHeapSize                              = 4238344192                                {product} {ergonomic}
   size_t MinHeapDeltaBytes                        = 2097152                                   {product} {ergonomic}
   size_t MinHeapSize                              = 8388608                                   {product} {ergonomic}
    uintx NonNMethodCodeHeapSize                   = 5839372                                {pd product} {ergonomic}
    uintx NonProfiledCodeHeapSize                  = 122909434                              {pd product} {ergonomic}
    uintx ProfiledCodeHeapSize                     = 122909434                              {pd product} {ergonomic}
    uintx ReservedCodeCacheSize                    = 251658240                              {pd product} {ergonomic}
     bool SegmentedCodeCache                       = true                                      {product} {ergonomic}
   size_t SoftMaxHeapSize                          = 4238344192                             {manageable} {ergonomic}
     bool UseCompressedClassPointers               = true                           {product lp64_product} {ergonomic}
     bool UseCompressedOops                        = true                           {product lp64_product} {ergonomic}
     bool UseG1GC                                  = true                                      {product} {ergonomic}
     bool UseLargePagesIndividualAllocation        = false                                  {pd product} {ergonomic}

Logging:
Log output configuration:
 #0: stdout all=warning uptime,level,tags
 #1: stderr all=off uptime,level,tags

Environment Variables:
PATH=C:\Program Files\Git\mingw64\libexec\git-core;C:\Program Files\Git\mingw64\libexec\git-core;C:\Program Files\Git\mingw64\bin;C:\Program Files\Git\usr\bin;C:\Users\LENOVO\bin;C:\WINDOWS\system32;C:\WINDOWS;C:\WINDOWS\System32\Wbem;C:\WINDOWS\System32\WindowsPowerShell\v1.0;C:\WINDOWS\System32\OpenSSH;C:\xampp\php;C:\ProgramData\ComposerSetup\bin;C:\Program Files\Git\cmd;C:\Users\LENOVO\AppData\Local\Microsoft\WindowsApps;C:\Users\LENOVO\AppData\Roaming\Composer\vendor\bin
USERNAME=LENOVO
DISPLAY=:0.0
LC_ALL=en_US.UTF-8
TERM=xterm-256color
TMPDIR=C:\Users\LENOVO\AppData\Local\Temp
OS=Windows_NT
PROCESSOR_IDENTIFIER=Intel64 Family 6 Model 140 Stepping 1, GenuineIntel
TMP=C:\Users\LENOVO\AppData\Local\Temp
TEMP=C:\Users\LENOVO\AppData\Local\Temp


JNI global refs:

[error occurred during error reporting (JNI global references), id 0xc0000005, EXCEPTION_ACCESS_VIOLATION (0xc0000005) at pc=0x00007ffbe1e77a10]


---------------  S Y S T E M  ---------------

OS:
 Windows 11 , 64 bit Build 22621 (10.0.22621.2070)
OS uptime: 9 days 3:00 hours

CPU: total 8 (initial active 8) (4 cores per cpu, 2 threads per core) family 6 model 140 stepping 1 microcode 0x86, cx8, cmov, fxsr, ht, mmx, 3dnowpref, sse, sse2, sse3, ssse3, sse4.1, sse4.2, popcnt, lzcnt, tsc, tscinvbit, avx, avx2, aes, erms, clmul, bmi1, bmi2, adx, avx512f, avx512dq, avx512cd, avx512bw, avx512vl, sha, fma, vzeroupper, avx512_vpopcntdq, avx512_vpclmulqdq, avx512_vaes, avx512_vnni, clflush, clflushopt, clwb, avx512_vbmi2, avx512_vbmi

Memory: 4k page, system-wide physical 16167M (3862M free)
TotalPageFile size 65319M (AvailPageFile size 162M)
current process WorkingSet (physical memory assigned to process): 11M, peak: 11M
current process commit charge ("private bytes"): 60M, peak: 314M

vm_info: OpenJDK 64-Bit Server VM (17.0.6+10-b829.9) for windows-amd64 JRE (17.0.6+10-b829.9), built on 2023-04-09 by "builduser" with MS VC++ 16.10 / 16.11 (VS2019)

END.
